<?xml version="1.0" encoding="UTF-8"?>
<testng-results ignored="0" total="1" passed="1" failed="0" skipped="0">
  <reporter-output>
  </reporter-output>
  <suite started-at="2023-11-11T16:23:17Z" name="Default suite" finished-at="2023-11-11T16:23:21Z" duration-ms="4256">
    <groups>
    </groups>
    <test started-at="2023-11-11T16:23:17Z" name="Default test" finished-at="2023-11-11T16:23:21Z" duration-ms="4256">
      <class name="loginTest.TC02_Login_Wrong_Password">
        <test-method is-config="true" signature="beforeClass()[pri:0, instance:loginTest.TC02_Login_Wrong_Password@5183d589]" started-at="2023-11-11T10:23:17Z" name="beforeClass" finished-at="2023-11-11T10:23:18Z" duration-ms="1251" status="PASS">
          <reporter-output>
          </reporter-output>
        </test-method> <!-- beforeClass -->
        <test-method signature="TC02()[pri:0, instance:loginTest.TC02_Login_Wrong_Password@5183d589]" started-at="2023-11-11T10:23:18Z" name="TC02" finished-at="2023-11-11T10:23:21Z" duration-ms="2873" status="PASS">
          <reporter-output>
          </reporter-output>
        </test-method> <!-- TC02 -->
        <test-method is-config="true" signature="afterClass()[pri:0, instance:loginTest.TC02_Login_Wrong_Password@5183d589]" started-at="2023-11-11T10:23:21Z" name="afterClass" finished-at="2023-11-11T10:23:21Z" duration-ms="123" status="PASS">
          <reporter-output>
          </reporter-output>
        </test-method> <!-- afterClass -->
      </class> <!-- loginTest.TC02_Login_Wrong_Password -->
    </test> <!-- Default test -->
  </suite> <!-- Default suite -->
</testng-results>
