<?xml version="1.0" encoding="UTF-8"?>
<testng-results ignored="0" total="1" passed="1" failed="0" skipped="0">
  <reporter-output>
  </reporter-output>
  <suite started-at="2023-11-04T17:43:40Z" name="Default suite" finished-at="2023-11-04T17:43:44Z" duration-ms="4274">
    <groups>
    </groups>
    <test started-at="2023-11-04T17:43:40Z" name="Default test" finished-at="2023-11-04T17:43:44Z" duration-ms="4274">
      <class name="loginTest.TC01__Login">
        <test-method is-config="true" signature="startWebPage()[pri:0, instance:loginTest.TC01__Login@5183d589]" started-at="2023-11-04T11:43:40Z" name="startWebPage" finished-at="2023-11-04T11:43:41Z" duration-ms="1204" status="PASS">
          <reporter-output>
          </reporter-output>
        </test-method> <!-- startWebPage -->
        <test-method signature="TC01()[pri:0, instance:loginTest.TC01__Login@5183d589]" started-at="2023-11-04T11:43:41Z" name="TC01" finished-at="2023-11-04T11:43:44Z" duration-ms="2953" status="PASS">
          <reporter-output>
          </reporter-output>
        </test-method> <!-- TC01 -->
        <test-method is-config="true" signature="closeDriver()[pri:0, instance:loginTest.TC01__Login@5183d589]" started-at="2023-11-04T11:43:44Z" name="closeDriver" finished-at="2023-11-04T11:43:44Z" duration-ms="109" status="PASS">
          <reporter-output>
          </reporter-output>
        </test-method> <!-- closeDriver -->
      </class> <!-- loginTest.TC01__Login -->
    </test> <!-- Default test -->
  </suite> <!-- Default suite -->
</testng-results>
